{
  "stats": {
    "suites": 1,
    "tests": 2,
    "passes": 1,
    "pending": 0,
    "failures": 1,
    "start": "2024-06-12T14:29:15.416Z",
    "end": "2024-06-12T14:29:59.926Z",
    "duration": 44510,
    "testsRegistered": 2,
    "passPercent": 50,
    "pendingPercent": 0,
    "other": 0,
    "hasOther": false,
    "skipped": 0,
    "hasSkipped": false
  },
  "results": [
    {
      "uuid": "16a34199-93df-4781-b7bd-2f00c97506bd",
      "title": "",
      "fullFile": "cypress\\e2e\\login.cy.js",
      "file": "cypress\\e2e\\login.cy.js",
      "beforeHooks": [],
      "afterHooks": [],
      "tests": [],
      "suites": [
        {
          "uuid": "a4084f0e-3674-44a4-9d58-4e7a6928814d",
          "title": "All Login Tests",
          "fullFile": "",
          "file": "",
          "beforeHooks": [],
          "afterHooks": [],
          "tests": [
            {
              "title": "should login with valid username and password",
              "fullTitle": "All Login Tests should login with valid username and password",
              "timedOut": null,
              "duration": 15465,
              "state": "passed",
              "speed": "slow",
              "pass": true,
              "fail": false,
              "pending": false,
              "context": null,
              "code": "cy.validLogin();",
              "err": {},
              "uuid": "da79383b-d27a-468a-82ae-12c6cd92326c",
              "parentUUID": "a4084f0e-3674-44a4-9d58-4e7a6928814d",
              "isHook": false,
              "skipped": false
            },
            {
              "title": "should login with invalid username and password",
              "fullTitle": "All Login Tests should login with invalid username and password",
              "timedOut": null,
              "duration": 28868,
              "state": "failed",
              "speed": null,
              "pass": false,
              "fail": true,
              "pending": false,
              "context": null,
              "code": "cy.invalidLogin();",
              "err": {
                "message": "AssertionError: Timed out retrying after 20000ms: Expected to find element: `.display-3`, but never found it.",
                "estack": "AssertionError: Timed out retrying after 20000ms: Expected to find element: `.display-3`, but never found it.\n    at Context.eval (webpack://automata_project/./cypress/support/commands.js:27:36)",
                "diff": null
              },
              "uuid": "0c607b66-dab9-4f0e-9568-4d694af31557",
              "parentUUID": "a4084f0e-3674-44a4-9d58-4e7a6928814d",
              "isHook": false,
              "skipped": false
            }
          ],
          "suites": [],
          "passes": [
            "da79383b-d27a-468a-82ae-12c6cd92326c"
          ],
          "failures": [
            "0c607b66-dab9-4f0e-9568-4d694af31557"
          ],
          "pending": [],
          "skipped": [],
          "duration": 44333,
          "root": false,
          "rootEmpty": false,
          "_timeout": 2000
        }
      ],
      "passes": [],
      "failures": [],
      "pending": [],
      "skipped": [],
      "duration": 0,
      "root": true,
      "rootEmpty": true,
      "_timeout": 2000
    }
  ],
  "meta": {
    "mocha": {
      "version": "7.0.1"
    },
    "mochawesome": {
      "options": {
        "quiet": false,
        "reportFilename": "mochawesome",
        "saveHtml": false,
        "saveJson": true,
        "consoleReporter": "spec",
        "useInlineDiffs": false,
        "code": true
      },
      "version": "7.1.3"
    },
    "marge": {
      "options": {
        "charts": true,
        "overwrite": false,
        "html": false,
        "json": true,
        "reportDir": "cypress/reports"
      },
      "version": "6.2.0"
    }
  }
}