{
  "stats": {
    "suites": 1,
    "tests": 1,
    "passes": 1,
    "pending": 0,
    "failures": 0,
    "start": "2024-06-12T17:56:05.015Z",
    "end": "2024-06-12T17:56:24.357Z",
    "duration": 19342,
    "testsRegistered": 1,
    "passPercent": 100,
    "pendingPercent": 0,
    "other": 0,
    "hasOther": false,
    "skipped": 0,
    "hasSkipped": false
  },
  "results": [
    {
      "uuid": "35b8332f-c299-4bc6-9a96-75d63c626eb7",
      "title": "",
      "fullFile": "cypress\\e2e\\cardProgramTest.cy.js",
      "file": "cypress\\e2e\\cardProgramTest.cy.js",
      "beforeHooks": [],
      "afterHooks": [],
      "tests": [],
      "suites": [
        {
          "uuid": "544cdc7f-65cf-47c8-ac8c-57bb581f3a4d",
          "title": "Card program test cases",
          "fullFile": "",
          "file": "",
          "beforeHooks": [],
          "afterHooks": [],
          "tests": [
            {
              "title": "Search card program",
              "fullTitle": "Card program test cases Search card program",
              "timedOut": null,
              "duration": 19135,
              "state": "passed",
              "speed": "slow",
              "pass": true,
              "fail": false,
              "pending": false,
              "context": null,
              "code": "//cy.validLogin()\ncy.searchCardPrograms();",
              "err": {},
              "uuid": "1d1e7356-ad96-4689-8800-3114a15ef493",
              "parentUUID": "544cdc7f-65cf-47c8-ac8c-57bb581f3a4d",
              "isHook": false,
              "skipped": false
            }
          ],
          "suites": [],
          "passes": [
            "1d1e7356-ad96-4689-8800-3114a15ef493"
          ],
          "failures": [],
          "pending": [],
          "skipped": [],
          "duration": 19135,
          "root": false,
          "rootEmpty": false,
          "_timeout": 2000
        }
      ],
      "passes": [],
      "failures": [],
      "pending": [],
      "skipped": [],
      "duration": 0,
      "root": true,
      "rootEmpty": true,
      "_timeout": 2000
    }
  ],
  "meta": {
    "mocha": {
      "version": "7.0.1"
    },
    "mochawesome": {
      "options": {
        "quiet": false,
        "reportFilename": "mochawesome",
        "saveHtml": false,
        "saveJson": true,
        "consoleReporter": "spec",
        "useInlineDiffs": false,
        "code": true
      },
      "version": "7.1.3"
    },
    "marge": {
      "options": {
        "charts": true,
        "overwrite": false,
        "html": false,
        "json": true,
        "reportDir": "cypress/reports"
      },
      "version": "6.2.0"
    }
  }
}