{
  "stats": {
    "suites": 1,
    "tests": 1,
    "passes": 1,
    "pending": 0,
    "failures": 0,
    "start": "2024-06-12T14:28:42.367Z",
    "end": "2024-06-12T14:29:13.685Z",
    "duration": 31318,
    "testsRegistered": 1,
    "passPercent": 100,
    "pendingPercent": 0,
    "other": 0,
    "hasOther": false,
    "skipped": 0,
    "hasSkipped": false
  },
  "results": [
    {
      "uuid": "99540774-f49e-446b-8ece-1e03494013fb",
      "title": "",
      "fullFile": "cypress\\e2e\\cardProgramTest.cy.js",
      "file": "cypress\\e2e\\cardProgramTest.cy.js",
      "beforeHooks": [],
      "afterHooks": [],
      "tests": [],
      "suites": [
        {
          "uuid": "66672960-e8d4-434e-bbdf-5ea0251325de",
          "title": "Card program test cases",
          "fullFile": "",
          "file": "",
          "beforeHooks": [],
          "afterHooks": [],
          "tests": [
            {
              "title": "Search card program",
              "fullTitle": "Card program test cases Search card program",
              "timedOut": null,
              "duration": 31228,
              "state": "passed",
              "speed": "slow",
              "pass": true,
              "fail": false,
              "pending": false,
              "context": null,
              "code": "cy.validLogin();\ncy.searchCardPrograms();",
              "err": {},
              "uuid": "53edd15a-bebb-4e0d-aa9a-0a3e782ddac6",
              "parentUUID": "66672960-e8d4-434e-bbdf-5ea0251325de",
              "isHook": false,
              "skipped": false
            }
          ],
          "suites": [],
          "passes": [
            "53edd15a-bebb-4e0d-aa9a-0a3e782ddac6"
          ],
          "failures": [],
          "pending": [],
          "skipped": [],
          "duration": 31228,
          "root": false,
          "rootEmpty": false,
          "_timeout": 2000
        }
      ],
      "passes": [],
      "failures": [],
      "pending": [],
      "skipped": [],
      "duration": 0,
      "root": true,
      "rootEmpty": true,
      "_timeout": 2000
    }
  ],
  "meta": {
    "mocha": {
      "version": "7.0.1"
    },
    "mochawesome": {
      "options": {
        "quiet": false,
        "reportFilename": "mochawesome",
        "saveHtml": false,
        "saveJson": true,
        "consoleReporter": "spec",
        "useInlineDiffs": false,
        "code": true
      },
      "version": "7.1.3"
    },
    "marge": {
      "options": {
        "charts": true,
        "overwrite": false,
        "html": false,
        "json": true,
        "reportDir": "cypress/reports"
      },
      "version": "6.2.0"
    }
  }
}