{
  "stats": {
    "suites": 1,
    "tests": 2,
    "passes": 0,
    "pending": 0,
    "failures": 2,
    "start": "2024-06-12T17:56:28.115Z",
    "end": "2024-06-12T17:57:30.646Z",
    "duration": 62531,
    "testsRegistered": 2,
    "passPercent": 0,
    "pendingPercent": 0,
    "other": 0,
    "hasOther": false,
    "skipped": 0,
    "hasSkipped": false
  },
  "results": [
    {
      "uuid": "307ec3be-3385-484a-954f-531b8171b338",
      "title": "",
      "fullFile": "cypress\\e2e\\login.cy.js",
      "file": "cypress\\e2e\\login.cy.js",
      "beforeHooks": [],
      "afterHooks": [],
      "tests": [],
      "suites": [
        {
          "uuid": "3e34d5f0-b420-45ac-a8c8-c6a1b8a72de3",
          "title": "All Login Tests",
          "fullFile": "",
          "file": "",
          "beforeHooks": [],
          "afterHooks": [],
          "tests": [
            {
              "title": "should login with valid username and password",
              "fullTitle": "All Login Tests should login with valid username and password",
              "timedOut": null,
              "duration": 31479,
              "state": "failed",
              "speed": null,
              "pass": false,
              "fail": true,
              "pending": false,
              "context": null,
              "code": "cy.validLogin();",
              "err": {
                "message": "AssertionError: Timed out retrying after 20000ms: Expected to find element: `:nth-child(2) > .group-input > .form-control`, but never found it.",
                "estack": "AssertionError: Timed out retrying after 20000ms: Expected to find element: `:nth-child(2) > .group-input > .form-control`, but never found it.\n    at LoginPage.emailInput (webpack://automata_project/./cypress/pages/login_page.js:5:18)\n    at Context.eval (webpack://automata_project/./cypress/support/commands.js:16:16)",
                "diff": null
              },
              "uuid": "d3fc2061-ccf2-4394-b850-d5a00bd75378",
              "parentUUID": "3e34d5f0-b420-45ac-a8c8-c6a1b8a72de3",
              "isHook": false,
              "skipped": false
            },
            {
              "title": "should not login with invalid username and password",
              "fullTitle": "All Login Tests should not login with invalid username and password",
              "timedOut": null,
              "duration": 30516,
              "state": "failed",
              "speed": null,
              "pass": false,
              "fail": true,
              "pending": false,
              "context": null,
              "code": "cy.invalidLogin();",
              "err": {
                "message": "AssertionError: Timed out retrying after 20000ms: Expected to find element: `:nth-child(2) > .group-input > .form-control`, but never found it.",
                "estack": "AssertionError: Timed out retrying after 20000ms: Expected to find element: `:nth-child(2) > .group-input > .form-control`, but never found it.\n    at LoginPage.emailInput (webpack://automata_project/./cypress/pages/login_page.js:5:18)\n    at Context.eval (webpack://automata_project/./cypress/support/commands.js:24:16)",
                "diff": null
              },
              "uuid": "a1cf1a75-bbd5-47e4-8313-f67e78f1a2a9",
              "parentUUID": "3e34d5f0-b420-45ac-a8c8-c6a1b8a72de3",
              "isHook": false,
              "skipped": false
            }
          ],
          "suites": [],
          "passes": [],
          "failures": [
            "d3fc2061-ccf2-4394-b850-d5a00bd75378",
            "a1cf1a75-bbd5-47e4-8313-f67e78f1a2a9"
          ],
          "pending": [],
          "skipped": [],
          "duration": 61995,
          "root": false,
          "rootEmpty": false,
          "_timeout": 2000
        }
      ],
      "passes": [],
      "failures": [],
      "pending": [],
      "skipped": [],
      "duration": 0,
      "root": true,
      "rootEmpty": true,
      "_timeout": 2000
    }
  ],
  "meta": {
    "mocha": {
      "version": "7.0.1"
    },
    "mochawesome": {
      "options": {
        "quiet": false,
        "reportFilename": "mochawesome",
        "saveHtml": false,
        "saveJson": true,
        "consoleReporter": "spec",
        "useInlineDiffs": false,
        "code": true
      },
      "version": "7.1.3"
    },
    "marge": {
      "options": {
        "charts": true,
        "overwrite": false,
        "html": false,
        "json": true,
        "reportDir": "cypress/reports"
      },
      "version": "6.2.0"
    }
  }
}