{
  "stats": {
    "suites": 1,
    "tests": 1,
    "passes": 1,
    "pending": 0,
    "failures": 0,
    "start": "2024-06-12T14:30:01.631Z",
    "end": "2024-06-12T14:30:57.310Z",
    "duration": 55679,
    "testsRegistered": 1,
    "passPercent": 100,
    "pendingPercent": 0,
    "other": 0,
    "hasOther": false,
    "skipped": 0,
    "hasSkipped": false
  },
  "results": [
    {
      "uuid": "3904e979-e361-4546-87f8-9bdb7cdc0caa",
      "title": "",
      "fullFile": "cypress\\e2e\\roleTest.cy.js",
      "file": "cypress\\e2e\\roleTest.cy.js",
      "beforeHooks": [],
      "afterHooks": [],
      "tests": [],
      "suites": [
        {
          "uuid": "3a673089-0d8d-4175-92a6-9ef3c0f520a0",
          "title": "All Role Tests",
          "fullFile": "",
          "file": "",
          "beforeHooks": [],
          "afterHooks": [],
          "tests": [
            {
              "title": "should view role details",
              "fullTitle": "All Role Tests should view role details",
              "timedOut": null,
              "duration": 55587,
              "state": "passed",
              "speed": "slow",
              "pass": true,
              "fail": false,
              "pending": false,
              "context": null,
              "code": "cy.validLogin();\ncy.viewAllRoles();",
              "err": {},
              "uuid": "b1d36ae6-8293-4a02-94a1-7fd92e85a9e0",
              "parentUUID": "3a673089-0d8d-4175-92a6-9ef3c0f520a0",
              "isHook": false,
              "skipped": false
            }
          ],
          "suites": [],
          "passes": [
            "b1d36ae6-8293-4a02-94a1-7fd92e85a9e0"
          ],
          "failures": [],
          "pending": [],
          "skipped": [],
          "duration": 55587,
          "root": false,
          "rootEmpty": false,
          "_timeout": 2000
        }
      ],
      "passes": [],
      "failures": [],
      "pending": [],
      "skipped": [],
      "duration": 0,
      "root": true,
      "rootEmpty": true,
      "_timeout": 2000
    }
  ],
  "meta": {
    "mocha": {
      "version": "7.0.1"
    },
    "mochawesome": {
      "options": {
        "quiet": false,
        "reportFilename": "mochawesome",
        "saveHtml": false,
        "saveJson": true,
        "consoleReporter": "spec",
        "useInlineDiffs": false,
        "code": true
      },
      "version": "7.1.3"
    },
    "marge": {
      "options": {
        "charts": true,
        "overwrite": false,
        "html": false,
        "json": true,
        "reportDir": "cypress/reports"
      },
      "version": "6.2.0"
    }
  }
}