{
  "stats": {
    "suites": 1,
    "tests": 1,
    "passes": 1,
    "pending": 0,
    "failures": 0,
    "start": "2024-06-12T17:57:34.670Z",
    "end": "2024-06-12T17:57:48.428Z",
    "duration": 13758,
    "testsRegistered": 1,
    "passPercent": 100,
    "pendingPercent": 0,
    "other": 0,
    "hasOther": false,
    "skipped": 0,
    "hasSkipped": false
  },
  "results": [
    {
      "uuid": "ed635c56-fb9c-48ca-9a0c-14a2e5c13bef",
      "title": "",
      "fullFile": "cypress\\e2e\\roleTest.cy.js",
      "file": "cypress\\e2e\\roleTest.cy.js",
      "beforeHooks": [],
      "afterHooks": [],
      "tests": [],
      "suites": [
        {
          "uuid": "ec5c8fb9-9c2a-4ee7-9eb5-829f4e93c77b",
          "title": "All Role Tests",
          "fullFile": "",
          "file": "",
          "beforeHooks": [],
          "afterHooks": [],
          "tests": [
            {
              "title": "should view role details",
              "fullTitle": "All Role Tests should view role details",
              "timedOut": null,
              "duration": 13558,
              "state": "passed",
              "speed": "slow",
              "pass": true,
              "fail": false,
              "pending": false,
              "context": null,
              "code": "// cy.validLogin()\ncy.viewAllRoles();",
              "err": {},
              "uuid": "6beb8204-7488-4faa-8c9f-d3d7deee608d",
              "parentUUID": "ec5c8fb9-9c2a-4ee7-9eb5-829f4e93c77b",
              "isHook": false,
              "skipped": false
            }
          ],
          "suites": [],
          "passes": [
            "6beb8204-7488-4faa-8c9f-d3d7deee608d"
          ],
          "failures": [],
          "pending": [],
          "skipped": [],
          "duration": 13558,
          "root": false,
          "rootEmpty": false,
          "_timeout": 2000
        }
      ],
      "passes": [],
      "failures": [],
      "pending": [],
      "skipped": [],
      "duration": 0,
      "root": true,
      "rootEmpty": true,
      "_timeout": 2000
    }
  ],
  "meta": {
    "mocha": {
      "version": "7.0.1"
    },
    "mochawesome": {
      "options": {
        "quiet": false,
        "reportFilename": "mochawesome",
        "saveHtml": false,
        "saveJson": true,
        "consoleReporter": "spec",
        "useInlineDiffs": false,
        "code": true
      },
      "version": "7.1.3"
    },
    "marge": {
      "options": {
        "charts": true,
        "overwrite": false,
        "html": false,
        "json": true,
        "reportDir": "cypress/reports"
      },
      "version": "6.2.0"
    }
  }
}